<?xml version="1.0" encoding="UTF-8"?>
<!-- Generated by org.testng.reporters.JUnitXMLReporter -->
<testsuite ignored="0" hostname="DESKTOP-175K8UN" failures="4" tests="4" name="Surefire test" time="6.147" errors="0" timestamp="2024-02-04T22:46:21 IST">
  <testcase classname="com.Tests.TestFlow" name="addNewStudentPOST" time="5.789">
    <failure type="java.lang.NullPointerException" message="Cannot invoke &amp;quot;com.aventstack.extentreports.ExtentTest.info(com.aventstack.extentreports.markuputils.Markup)&amp;quot; because the return value of &amp;quot;java.lang.ThreadLocal.get()&amp;quot; is null">
      <![CDATA[java.lang.NullPointerException: Cannot invoke "com.aventstack.extentreports.ExtentTest.info(com.aventstack.extentreports.markuputils.Markup)" because the return value of "java.lang.ThreadLocal.get()" is null
at com.Reporting.ExtentReportManager.logInfoDetails(ExtentReportManager.java:57)
at com.baseReusable.ReusableUtilities.printRequestDetails(ReusableUtilities.java:125)
at com.baseReusable.ReusableUtilities.performPost(ReusableUtilities.java:99)
at com.Tests.TestFlow.addNewStudentPOST(TestFlow.java:38)
at java.base/java.util.ArrayList.forEach(ArrayList.java:1511)
... Removed 32 stack frames]]>
    </failure>
  </testcase> <!-- addNewStudentPOST -->
  <testcase classname="com.Tests.TestFlow" name="oneStudentGET" time="0.1">
    <failure type="java.lang.NullPointerException" message="Cannot invoke &amp;quot;com.aventstack.extentreports.ExtentTest.info(com.aventstack.extentreports.markuputils.Markup)&amp;quot; because the return value of &amp;quot;java.lang.ThreadLocal.get()&amp;quot; is null">
      <![CDATA[java.lang.NullPointerException: Cannot invoke "com.aventstack.extentreports.ExtentTest.info(com.aventstack.extentreports.markuputils.Markup)" because the return value of "java.lang.ThreadLocal.get()" is null
at com.Reporting.ExtentReportManager.logInfoDetails(ExtentReportManager.java:57)
at com.baseReusable.ReusableUtilities.printRequestDetails(ReusableUtilities.java:125)
at com.baseReusable.ReusableUtilities.performGet(ReusableUtilities.java:70)
at com.Tests.TestFlow.oneStudentGET(TestFlow.java:67)
at java.base/java.util.ArrayList.forEach(ArrayList.java:1511)
... Removed 32 stack frames]]>
    </failure>
  </testcase> <!-- oneStudentGET -->
  <testcase classname="com.Tests.TestFlow" name="studentsListGET" time="0.061">
    <failure type="java.lang.NullPointerException" message="Cannot invoke &amp;quot;com.aventstack.extentreports.ExtentTest.info(com.aventstack.extentreports.markuputils.Markup)&amp;quot; because the return value of &amp;quot;java.lang.ThreadLocal.get()&amp;quot; is null">
      <![CDATA[java.lang.NullPointerException: Cannot invoke "com.aventstack.extentreports.ExtentTest.info(com.aventstack.extentreports.markuputils.Markup)" because the return value of "java.lang.ThreadLocal.get()" is null
at com.Reporting.ExtentReportManager.logInfoDetails(ExtentReportManager.java:57)
at com.baseReusable.ReusableUtilities.printRequestDetails(ReusableUtilities.java:125)
at com.baseReusable.ReusableUtilities.performGet(ReusableUtilities.java:70)
at com.Tests.TestFlow.studentsListGET(TestFlow.java:79)
at java.base/java.util.ArrayList.forEach(ArrayList.java:1511)
... Removed 32 stack frames]]>
    </failure>
  </testcase> <!-- studentsListGET -->
  <testcase classname="com.Tests.TestFlow" name="updateStudentPUT" time="0.082">
    <failure type="java.lang.NullPointerException" message="Cannot invoke &amp;quot;com.aventstack.extentreports.ExtentTest.info(com.aventstack.extentreports.markuputils.Markup)&amp;quot; because the return value of &amp;quot;java.lang.ThreadLocal.get()&amp;quot; is null">
      <![CDATA[java.lang.NullPointerException: Cannot invoke "com.aventstack.extentreports.ExtentTest.info(com.aventstack.extentreports.markuputils.Markup)" because the return value of "java.lang.ThreadLocal.get()" is null
at com.Reporting.ExtentReportManager.logInfoDetails(ExtentReportManager.java:57)
at com.baseReusable.ReusableUtilities.printRequestDetails(ReusableUtilities.java:125)
at com.baseReusable.ReusableUtilities.performPut(ReusableUtilities.java:108)
at com.Tests.TestFlow.updateStudentPUT(TestFlow.java:93)
at java.base/java.util.ArrayList.forEach(ArrayList.java:1511)
... Removed 32 stack frames]]>
    </failure>
  </testcase> <!-- updateStudentPUT -->
</testsuite> <!-- Surefire test -->
