<?xml version="1.0" encoding="UTF-8"?>
<!-- Generated by org.testng.reporters.JUnitXMLReporter -->
<testsuite ignored="0" hostname="DESKTOP-175K8UN" failures="0" tests="6" name="Test" time="9.55" errors="0" timestamp="2024-02-05T13:29:57 IST">
  <testcase classname="com.Tests.TestFlow" name="addNewStudentPOST" time="8.381"/>
  <testcase classname="com.Tests.TestFlow" name="oneStudentGET" time="0.096"/>
  <testcase classname="com.Tests.TestFlow" name="studentsListGET" time="0.059"/>
  <testcase classname="com.Tests.TestFlow" name="updateStudentPUT" time="0.149"/>
  <testcase classname="com.Tests.TestFlow" name="updateStudentPatch" time="0.092"/>
  <testcase classname="com.Tests.TestFlow" name="studentDELETE" time="0.067"/>
</testsuite> <!-- Test -->
