<?xml version="1.0" encoding="UTF-8"?>
<!-- Generated by org.testng.reporters.JUnitXMLReporter -->
<testsuite ignored="0" hostname="DESKTOP-175K8UN" failures="0" tests="6" name="Test" time="7.782" errors="0" timestamp="2024-02-13T16:10:57 IST">
  <testcase classname="com.Tests.TestFlow" name="addNewStudentPOST" time="5.789"/>
  <testcase classname="com.Tests.TestFlow" name="oneStudentGET" time="0.207"/>
  <testcase classname="com.Tests.TestFlow" name="studentsListGET" time="0.173"/>
  <testcase classname="com.Tests.TestFlow" name="updateStudentPUT" time="0.211"/>
  <testcase classname="com.Tests.TestFlow" name="updateStudentPATCH" time="0.606"/>
  <testcase classname="com.Tests.TestFlow" name="studentDELETE" time="0.078"/>
</testsuite> <!-- Test -->
