<?xml version="1.0" encoding="UTF-8"?>
<!-- Generated by org.testng.reporters.JUnitXMLReporter -->
<testsuite ignored="0" hostname="DESKTOP-175K8UN" failures="0" tests="5" name="Test" time="8.159" errors="0" timestamp="2024-02-05T13:01:02 IST">
  <testcase classname="com.Tests.TestFlow" name="addNewStudentPOST" time="6.927"/>
  <testcase classname="com.Tests.TestFlow" name="oneStudentGET" time="0.143"/>
  <testcase classname="com.Tests.TestFlow" name="studentsListGET" time="0.124"/>
  <testcase classname="com.Tests.TestFlow" name="updateStudentPUT" time="0.133"/>
  <testcase classname="com.Tests.TestFlow" name="studentDELETE" time="0.051"/>
</testsuite> <!-- Test -->
