<?xml version="1.0" encoding="UTF-8"?>
<testsuite xmlns:xsi="http://www.w3.org/2001/XMLSchema-instance" xsi:noNamespaceSchemaLocation="https://maven.apache.org/surefire/maven-surefire-plugin/xsd/surefire-test-report.xsd" name="com.Tests.TestFlow" time="8.19" tests="4" errors="0" skipped="0" failures="4">
  <properties>
[...]
</properties>
  <testcase name="addNewStudentPOST" classname="com.Tests.TestFlow" time="5.818">
    <failure message="Cannot invoke &quot;com.aventstack.extentreports.ExtentTest.info(com.aventstack.extentreports.markuputils.Markup)&quot; because the return value of &quot;java.lang.ThreadLocal.get()&quot; is null" type="java.lang.NullPointerException">java.lang.NullPointerException: Cannot invoke "com.aventstack.extentreports.ExtentTest.info(com.aventstack.extentreports.markuputils.Markup)" because the return value of "java.lang.ThreadLocal.get()" is null
	at com.Tests.TestFlow.addNewStudentPOST(TestFlow.java:38)
</failure>
    <system-out><![CDATA[Request method:	POST
Request URI:	http://localhost:3000/Students
Proxy:			<none>
Request params:	<none>
Query params:	<none>
Form params:	<none>
Path params:	<none>
Headers:		Accept=*/*
				Content-Type=application/json
Cookies:		<none>
Multiparts:		<none>
Body:
{
    "name": "Ghandharvika",
    "classValue": "1.0",
    "location": "Mayapur",
    "subjects": [
        "Vedas",
        "Bhagavatam"
    ]
}
]]></system-out>
    <system-err><![CDATA[SLF4J: Failed to load class "org.slf4j.impl.StaticLoggerBinder".
SLF4J: Defaulting to no-operation (NOP) logger implementation
SLF4J: See http://www.slf4j.org/codes.html#StaticLoggerBinder for further details.
]]></system-err>
  </testcase>
  <testcase name="oneStudentGET" classname="com.Tests.TestFlow" time="0.1">
    <failure message="Cannot invoke &quot;com.aventstack.extentreports.ExtentTest.info(com.aventstack.extentreports.markuputils.Markup)&quot; because the return value of &quot;java.lang.ThreadLocal.get()&quot; is null" type="java.lang.NullPointerException">java.lang.NullPointerException: Cannot invoke "com.aventstack.extentreports.ExtentTest.info(com.aventstack.extentreports.markuputils.Markup)" because the return value of "java.lang.ThreadLocal.get()" is null
	at com.Tests.TestFlow.oneStudentGET(TestFlow.java:67)
</failure>
    <system-out><![CDATA[Request method:	GET
Request URI:	http://localhost:3000/Students/null
Proxy:			<none>
Request params:	<none>
Query params:	<none>
Form params:	<none>
Path params:	<none>
Headers:		Accept=*/*
				Content-Type=application/json
Cookies:		<none>
Multiparts:		<none>
Body:
{
    
}
]]></system-out>
  </testcase>
  <testcase name="studentsListGET" classname="com.Tests.TestFlow" time="0.058">
    <failure message="Cannot invoke &quot;com.aventstack.extentreports.ExtentTest.info(com.aventstack.extentreports.markuputils.Markup)&quot; because the return value of &quot;java.lang.ThreadLocal.get()&quot; is null" type="java.lang.NullPointerException">java.lang.NullPointerException: Cannot invoke "com.aventstack.extentreports.ExtentTest.info(com.aventstack.extentreports.markuputils.Markup)" because the return value of "java.lang.ThreadLocal.get()" is null
	at com.Tests.TestFlow.studentsListGET(TestFlow.java:79)
</failure>
    <system-out><![CDATA[Request method:	GET
Request URI:	http://localhost:3000/Students
Proxy:			<none>
Request params:	<none>
Query params:	<none>
Form params:	<none>
Path params:	<none>
Headers:		Accept=*/*
				Content-Type=application/json
Cookies:		<none>
Multiparts:		<none>
Body:
{
    
}
]]></system-out>
  </testcase>
  <testcase name="updateStudentPUT" classname="com.Tests.TestFlow" time="0.085">
    <failure message="Cannot invoke &quot;com.aventstack.extentreports.ExtentTest.info(com.aventstack.extentreports.markuputils.Markup)&quot; because the return value of &quot;java.lang.ThreadLocal.get()&quot; is null" type="java.lang.NullPointerException">java.lang.NullPointerException: Cannot invoke "com.aventstack.extentreports.ExtentTest.info(com.aventstack.extentreports.markuputils.Markup)" because the return value of "java.lang.ThreadLocal.get()" is null
	at com.Tests.TestFlow.updateStudentPUT(TestFlow.java:93)
</failure>
    <system-out><![CDATA[Request method:	PUT
Request URI:	http://localhost:3000/Students/null
Proxy:			<none>
Request params:	<none>
Query params:	<none>
Form params:	<none>
Path params:	<none>
Headers:		Accept=*/*
				Content-Type=application/json
Cookies:		<none>
Multiparts:		<none>
Body:
{
    "Class": "1",
    "location": "Mayapur",
    "Subjects": [
        "oppulence",
        "Chaitanya Charitamruta"
    ],
    "Name": "GokulandaMadhav"
}
]]></system-out>
  </testcase>
</testsuite>