<?xml version="1.0" encoding="UTF-8"?>
<testng-results ignored="0" total="5" passed="5" failed="0" skipped="0">
  <reporter-output>
  </reporter-output>
  <suite started-at="2024-02-05T13:00:53 IST" name="Suite" finished-at="2024-02-05T13:01:01 IST" duration-ms="8159">
    <groups>
    </groups>
    <test started-at="2024-02-05T13:00:53 IST" name="Test" finished-at="2024-02-05T13:01:01 IST" duration-ms="8159">
      <class name="com.Tests.TestFlow">
        <test-method signature="addNewStudentPOST()[pri:1, instance:com.Tests.TestFlow@7530ad9c]" started-at="2024-02-05T13:00:54 IST" name="addNewStudentPOST" finished-at="2024-02-05T13:01:01 IST" duration-ms="6927" status="PASS">
          <reporter-output>
          </reporter-output>
        </test-method> <!-- addNewStudentPOST -->
        <test-method signature="oneStudentGET()[pri:2, instance:com.Tests.TestFlow@7530ad9c]" started-at="2024-02-05T13:01:01 IST" name="oneStudentGET" finished-at="2024-02-05T13:01:01 IST" duration-ms="143" status="PASS">
          <reporter-output>
          </reporter-output>
        </test-method> <!-- oneStudentGET -->
        <test-method signature="studentsListGET()[pri:3, instance:com.Tests.TestFlow@7530ad9c]" started-at="2024-02-05T13:01:01 IST" name="studentsListGET" finished-at="2024-02-05T13:01:01 IST" duration-ms="124" status="PASS">
          <reporter-output>
          </reporter-output>
        </test-method> <!-- studentsListGET -->
        <test-method signature="updateStudentPUT()[pri:4, instance:com.Tests.TestFlow@7530ad9c]" started-at="2024-02-05T13:01:01 IST" name="updateStudentPUT" finished-at="2024-02-05T13:01:01 IST" duration-ms="133" status="PASS">
          <reporter-output>
          </reporter-output>
        </test-method> <!-- updateStudentPUT -->
        <test-method signature="studentDELETE()[pri:5, instance:com.Tests.TestFlow@7530ad9c]" started-at="2024-02-05T13:01:01 IST" name="studentDELETE" finished-at="2024-02-05T13:01:01 IST" duration-ms="51" status="PASS">
          <reporter-output>
          </reporter-output>
        </test-method> <!-- studentDELETE -->
      </class> <!-- com.Tests.TestFlow -->
    </test> <!-- Test -->
  </suite> <!-- Suite -->
</testng-results>
