<?xml version="1.0" encoding="UTF-8"?>
<testng-results ignored="0" total="6" passed="6" failed="0" skipped="0">
  <reporter-output>
  </reporter-output>
  <suite started-at="2024-02-05T13:29:47 IST" name="Suite" finished-at="2024-02-05T13:29:57 IST" duration-ms="9550">
    <groups>
    </groups>
    <test started-at="2024-02-05T13:29:47 IST" name="Test" finished-at="2024-02-05T13:29:57 IST" duration-ms="9550">
      <class name="com.Tests.TestFlow">
        <test-method signature="addNewStudentPOST()[pri:1, instance:com.Tests.TestFlow@5a56cdac]" started-at="2024-02-05T13:29:48 IST" name="addNewStudentPOST" finished-at="2024-02-05T13:29:56 IST" duration-ms="8381" status="PASS">
          <reporter-output>
          </reporter-output>
        </test-method> <!-- addNewStudentPOST -->
        <test-method signature="oneStudentGET()[pri:2, instance:com.Tests.TestFlow@5a56cdac]" started-at="2024-02-05T13:29:56 IST" name="oneStudentGET" finished-at="2024-02-05T13:29:57 IST" duration-ms="96" status="PASS">
          <reporter-output>
          </reporter-output>
        </test-method> <!-- oneStudentGET -->
        <test-method signature="studentsListGET()[pri:3, instance:com.Tests.TestFlow@5a56cdac]" started-at="2024-02-05T13:29:57 IST" name="studentsListGET" finished-at="2024-02-05T13:29:57 IST" duration-ms="59" status="PASS">
          <reporter-output>
          </reporter-output>
        </test-method> <!-- studentsListGET -->
        <test-method signature="updateStudentPUT()[pri:4, instance:com.Tests.TestFlow@5a56cdac]" started-at="2024-02-05T13:29:57 IST" name="updateStudentPUT" finished-at="2024-02-05T13:29:57 IST" duration-ms="149" status="PASS">
          <reporter-output>
          </reporter-output>
        </test-method> <!-- updateStudentPUT -->
        <test-method signature="updateStudentPatch()[pri:5, instance:com.Tests.TestFlow@5a56cdac]" started-at="2024-02-05T13:29:57 IST" name="updateStudentPatch" finished-at="2024-02-05T13:29:57 IST" duration-ms="92" status="PASS">
          <reporter-output>
          </reporter-output>
        </test-method> <!-- updateStudentPatch -->
        <test-method signature="studentDELETE()[pri:6, instance:com.Tests.TestFlow@5a56cdac]" started-at="2024-02-05T13:29:57 IST" name="studentDELETE" finished-at="2024-02-05T13:29:57 IST" duration-ms="67" status="PASS">
          <reporter-output>
          </reporter-output>
        </test-method> <!-- studentDELETE -->
      </class> <!-- com.Tests.TestFlow -->
    </test> <!-- Test -->
  </suite> <!-- Suite -->
</testng-results>
