<?xml version="1.0" encoding="UTF-8"?>
<testng-results ignored="0" total="6" passed="6" failed="0" skipped="0">
  <reporter-output>
  </reporter-output>
  <suite started-at="2024-02-13T16:10:49 IST" name="Suite" finished-at="2024-02-13T16:10:57 IST" duration-ms="7782">
    <groups>
    </groups>
    <test started-at="2024-02-13T16:10:49 IST" name="Test" finished-at="2024-02-13T16:10:57 IST" duration-ms="7782">
      <class name="com.Tests.TestFlow">
        <test-method signature="addNewStudentPOST()[pri:1, instance:com.Tests.TestFlow@5a56cdac]" started-at="2024-02-13T16:10:49 IST" name="addNewStudentPOST" finished-at="2024-02-13T16:10:55 IST" duration-ms="5789" status="PASS">
          <reporter-output>
          </reporter-output>
        </test-method> <!-- addNewStudentPOST -->
        <test-method signature="oneStudentGET()[pri:2, instance:com.Tests.TestFlow@5a56cdac]" started-at="2024-02-13T16:10:55 IST" name="oneStudentGET" finished-at="2024-02-13T16:10:55 IST" duration-ms="207" status="PASS">
          <reporter-output>
          </reporter-output>
        </test-method> <!-- oneStudentGET -->
        <test-method signature="studentsListGET()[pri:3, instance:com.Tests.TestFlow@5a56cdac]" started-at="2024-02-13T16:10:55 IST" name="studentsListGET" finished-at="2024-02-13T16:10:56 IST" duration-ms="173" status="PASS">
          <reporter-output>
          </reporter-output>
        </test-method> <!-- studentsListGET -->
        <test-method signature="updateStudentPUT()[pri:4, instance:com.Tests.TestFlow@5a56cdac]" started-at="2024-02-13T16:10:56 IST" name="updateStudentPUT" finished-at="2024-02-13T16:10:56 IST" duration-ms="211" status="PASS">
          <reporter-output>
          </reporter-output>
        </test-method> <!-- updateStudentPUT -->
        <test-method signature="updateStudentPATCH()[pri:5, instance:com.Tests.TestFlow@5a56cdac]" started-at="2024-02-13T16:10:56 IST" name="updateStudentPATCH" finished-at="2024-02-13T16:10:56 IST" duration-ms="606" status="PASS">
          <reporter-output>
          </reporter-output>
        </test-method> <!-- updateStudentPATCH -->
        <test-method signature="studentDELETE()[pri:6, instance:com.Tests.TestFlow@5a56cdac]" started-at="2024-02-13T16:10:56 IST" name="studentDELETE" finished-at="2024-02-13T16:10:57 IST" duration-ms="78" status="PASS">
          <reporter-output>
          </reporter-output>
        </test-method> <!-- studentDELETE -->
      </class> <!-- com.Tests.TestFlow -->
    </test> <!-- Test -->
  </suite> <!-- Suite -->
</testng-results>
